2025-11-20 23:14:06.653 xcodebuild[6578:8455510]  DVTFilePathFSEvents: Failed to start fs event stream.
2025-11-20 23:14:06.928 xcodebuild[6578:8455508] [MT] DVTDeveloperPaths: Failed to get length of DARWIN_USER_CACHE_DIR from confstr(3), error = Error Domain=NSPOSIXErrorDomain Code=5 "Input/output error". Using NSCachesDirectory instead.
2025-11-20 23:14:07.331 xcodebuild[6578:8455509] CoreSimulatorService connection became invalid.  Simulator services will no longer be available.
2025-11-20 23:14:07.331 xcodebuild[6578:8455562] Logging connecton invalid: <OS_xpc_error: <dictionary: 0x1f8e1c960> { count = 1, transaction: 0, voucher = 0x0, contents =
	"XPCErrorDescription" => <string: 0x1f8e1caa8> { string cache = 0x0, length = 18, contents = "Connection invalid" }
}>
2025-11-20 23:14:07.335 xcodebuild[6578:8455562] Error opening log file (/Users/atinderpaulk/Library/Logs/CoreSimulator/CoreSimulator.com.apple.dt.xcodebuild.log): Operation not permitted
[-[SimServiceContext sendRequest:]:1743] ERROR : Unable to deliver request ({
    "developer_dir" = "/Applications/Xcode.app/Contents/Developer";
    request = "set_developer_dir";
}) because we are not connected to CoreSimulatorService.
Command line invocation:
    /Applications/Xcode.app/Contents/Developer/usr/bin/xcodebuild -scheme BetterChallenges -sdk iphonesimulator -configuration Debug -derivedDataPath DerivedData build

Build settings from command line:
    SDKROOT = iphonesimulator26.1

2025-11-20 23:14:07.409 xcodebuild[6578:8455508] [MT] DVTAssertions: Warning in DVTFrameworks/DVTFoundation/FileTypes/DVTFileDataTypeDetection.m:79
Details:  detectedTypeIdentifier (com.apple.xml-property-list) does not conform to matchedTypeIdentifier in MagicFileDataTypeDetector extenson com.apple.property-list. When both are specified, this conformance is required unless overridden by setting allowNonInheritance. extension.identifier:Xcode.MagicFileDataTypeDetector.XMLPlist
Object:   <DVTFileDataTypeDetectionMagicCache: 0x9700e8960>
Method:   -initWithExtension:
Thread:   <_NSMainThread: 0x102a71710>{number = 1, name = main}
Please file a bug at https://feedbackassistant.apple.com with this warning message and any useful information you can provide.
2025-11-20 23:14:07.410 xcodebuild[6578:8455508] [MT] DVTAssertions: Warning in DVTFrameworks/DVTFoundation/FileTypes/DVTFileDataTypeDetection.m:79
Details:  detectedTypeIdentifier (com.apple.binary-property-list) does not conform to matchedTypeIdentifier in MagicFileDataTypeDetector extenson com.apple.property-list. When both are specified, this conformance is required unless overridden by setting allowNonInheritance. extension.identifier:Xcode.MagicFileDataTypeDetector.BinaryPlist
Object:   <DVTFileDataTypeDetectionMagicCache: 0x9700e9920>
Method:   -initWithExtension:
Thread:   <_NSMainThread: 0x102a71710>{number = 1, name = main}
Please file a bug at https://feedbackassistant.apple.com with this warning message and any useful information you can provide.
[-[SimServiceContext initWithDeveloperDir:connectionType:error:]:450] WARN  : Unable to discover any Simulator runtimes. Developer Directory is /Applications/Xcode.app/Contents/Developer.
[-[SimDiskImageManager init]:175] ERROR : Could not kickstart simdiskimaged; SimDiskImageManager services will not be available: Error Domain=NSPOSIXErrorDomain Code=53 "Software caused connection abort" UserInfo={NSLocalizedDescription=Error returned in reply from CoreSimulatorService: Connection invalid}
[-[SimDiskImageManager _onQueue_checkConnection:]:239] ERROR : simdiskimaged returned error (invalid), marking disconnected.
[-[SimServiceContext initWithDeveloperDir:connectionType:error:]_block_invoke:486] ERROR : Could not get list of trusted mount directories: Error Domain=com.apple.CoreSimulator.SimError Code=410 "The service used to manage runtime disk images (simdiskimaged) crashed or is not responding" UserInfo={NSLocalizedDescription=The service used to manage runtime disk images (simdiskimaged) crashed or is not responding}
[-[SimDiskImageManager _onQueue_checkConnection:]:239] ERROR : simdiskimaged returned error (invalid), marking disconnected.
[-[SimServiceContext sendRequest:reply:error:]:1763] ERROR : Unable to deliver request ({
    request = "notification_subscription";
    "set_path" = "/Users/atinderpaulk/Library/Developer/CoreSimulator/Devices";
}) because we are not connected to CoreSimulatorService.
2025-11-20 23:14:07.505 xcodebuild[6578:8455562] Error Domain=NSPOSIXErrorDomain Code=61 "Connection refused" UserInfo={NSLocalizedDescription=CoreSimulatorService connection became invalid.  Simulator services will no longer be available.}
[-[SimServiceContext sendRequest:reply:error:]:1763] ERROR : Unable to deliver request ({
    request = "notification_subscription";
    "set_path" = "/Users/atinderpaulk/Library/Developer/CoreSimulator/Devices";
}) because we are not connected to CoreSimulatorService.
2025-11-20 23:14:07.507 xcodebuild[6578:8455562]  iOSSimulator: [SimServiceContext defaultDeviceSetWithError:] returned nil (Error Domain=NSPOSIXErrorDomain Code=61 "Connection refused" UserInfo={NSLocalizedFailureReason=Failed to subscribe to notifications from CoreSimulatorService., NSLocalizedDescription=Failed to initialize simulator device set., NSUnderlyingError=0x96f869590 {Error Domain=NSPOSIXErrorDomain Code=61 "Connection refused" UserInfo={NSLocalizedDescription=CoreSimulatorService connection became invalid.  Simulator services will no longer be available.}}}). Simulator device support disabled.
2025-11-20 23:14:07.507 xcodebuild[6578:8455510] Error Domain=NSPOSIXErrorDomain Code=61 "Connection refused" UserInfo={NSLocalizedDescription=CoreSimulatorService connection became invalid.  Simulator services will no longer be available.}
2025-11-20 23:14:07.508 xcodebuild[6578:8455510]  IDESimulatorAvailability: startObservingSimulatorUpdates() FAILED to register SimDeviceSet observer
2025-11-20 23:14:07.530 xcodebuild[6578:8455510]  DVTProvisioningProfileManager: Failed to load profile "/Users/atinderpaulk/Library/Developer/Xcode/UserData/Provisioning Profiles/98aa2fd2-ba01-4b71-a753-995e1708bcc0.mobileprovision" (Error Domain=DVTProvisioningProfileProviderErrorDomain Code=1 "Failed to load profile." UserInfo={NSLocalizedDescription=Failed to load profile., NSLocalizedRecoverySuggestion=Profile is missing the required UUID property.})
2025-11-20 23:14:07.530 xcodebuild[6578:8455561]  DVTProvisioningProfileManager: Failed to load profile "/Users/atinderpaulk/Library/Developer/Xcode/UserData/Provisioning Profiles/23a25009-73ae-456e-9992-a766ef3dc260.mobileprovision" (Error Domain=DVTProvisioningProfileProviderErrorDomain Code=1 "Failed to load profile." UserInfo={NSLocalizedDescription=Failed to load profile., NSLocalizedRecoverySuggestion=Profile is missing the required UUID property.})
2025-11-20 23:14:07.530 xcodebuild[6578:8455568]  DVTProvisioningProfileManager: Failed to load profile "/Users/atinderpaulk/Library/Developer/Xcode/UserData/Provisioning Profiles/0618efba-8b92-4ef2-a5dc-1466f1706e6d.mobileprovision" (Error Domain=DVTProvisioningProfileProviderErrorDomain Code=1 "Failed to load profile." UserInfo={NSLocalizedDescription=Failed to load profile., NSLocalizedRecoverySuggestion=Profile is missing the required UUID property.})
2025-11-20 23:14:07.804 xcodebuild[6578:8455508] [MT] IDERunDestination: Supported platforms for the buildables in the current scheme is empty.
--- xcodebuild: WARNING: Using the first of multiple matching destinations:
{ platform:iOS Simulator, id:dvtdevice-DVTiOSDeviceSimulatorPlaceholder-iphonesimulator:placeholder, name:Any iOS Simulator Device }
{ platform:macOS, arch:arm64, variant:Designed for [iPad,iPhone], id:00006000-001851240A23801E, name:My Mac }
{ platform:iOS, id:dvtdevice-DVTiPhonePlaceholder-iphoneos:placeholder, name:Any iOS Device }
ComputePackagePrebuildTargetDependencyGraph

Prepare packages

CreateBuildRequest

SendProjectDescription

CreateBuildOperation

ComputeTargetDependencyGraph
note: Building targets in dependency order
note: Target dependency graph (1 target)
    Target 'BetterChallenges' in project 'BetterChallenges' (no dependencies)

GatherProvisioningInputs

CreateBuildDescription

ExecuteExternalTool /Applications/Xcode.app/Contents/Developer/Toolchains/XcodeDefault.xctoolchain/usr/bin/clang -v -E -dM -isysroot /Applications/Xcode.app/Contents/Developer/Platforms/iPhoneSimulator.platform/Developer/SDKs/iPhoneSimulator26.1.sdk -x c -c /dev/null

ExecuteExternalTool /Applications/Xcode.app/Contents/Developer/usr/bin/actool --print-asset-tag-combinations --output-format xml1 /Users/atinderpaulk/Desktop/Code/BetterChallenges/BetterChallenges/Assets.xcassets

ExecuteExternalTool /Applications/Xcode.app/Contents/Developer/usr/bin/actool --version --output-format xml1

ExecuteExternalTool /Applications/Xcode.app/Contents/Developer/Toolchains/XcodeDefault.xctoolchain/usr/bin/swiftc --version

ExecuteExternalTool /Applications/Xcode.app/Contents/Developer/Toolchains/XcodeDefault.xctoolchain/usr/bin/ld -version_details

Build description signature: 74979db3a1eab3bc8f1d30d8b237aa0b
Build description path: /Users/atinderpaulk/Desktop/Code/BetterChallenges/DerivedData/Build/Intermediates.noindex/XCBuildData/74979db3a1eab3bc8f1d30d8b237aa0b.xcbuilddata
ClangStatCache /Applications/Xcode.app/Contents/Developer/Toolchains/XcodeDefault.xctoolchain/usr/bin/clang-stat-cache /Applications/Xcode.app/Contents/Developer/Platforms/iPhoneSimulator.platform/Developer/SDKs/iPhoneSimulator26.1.sdk /Users/atinderpaulk/Desktop/Code/BetterChallenges/DerivedData/SDKStatCaches.noindex/iphonesimulator26.1-23B77-90cf18a4295e390e64c810bc6bd7acbc.sdkstatcache
    cd /Users/atinderpaulk/Desktop/Code/BetterChallenges/BetterChallenges.xcodeproj
    /Applications/Xcode.app/Contents/Developer/Toolchains/XcodeDefault.xctoolchain/usr/bin/clang-stat-cache /Applications/Xcode.app/Contents/Developer/Platforms/iPhoneSimulator.platform/Developer/SDKs/iPhoneSimulator26.1.sdk -o /Users/atinderpaulk/Desktop/Code/BetterChallenges/DerivedData/SDKStatCaches.noindex/iphonesimulator26.1-23B77-90cf18a4295e390e64c810bc6bd7acbc.sdkstatcache
Failed to create FS event stream. Considering the cache up-to-date.

GenerateAssetSymbols /Users/atinderpaulk/Desktop/Code/BetterChallenges/BetterChallenges/Assets.xcassets (in target 'BetterChallenges' from project 'BetterChallenges')
    cd /Users/atinderpaulk/Desktop/Code/BetterChallenges
    /Applications/Xcode.app/Contents/Developer/usr/bin/actool /Users/atinderpaulk/Desktop/Code/BetterChallenges/BetterChallenges/Assets.xcassets --compile /Users/atinderpaulk/Desktop/Code/BetterChallenges/DerivedData/Build/Products/Debug-iphonesimulator/BetterChallenges.app --output-format human-readable-text --notices --warnings --export-dependency-info /Users/atinderpaulk/Desktop/Code/BetterChallenges/DerivedData/Build/Intermediates.noindex/BetterChallenges.build/Debug-iphonesimulator/BetterChallenges.build/assetcatalog_dependencies --output-partial-info-plist /Users/atinderpaulk/Desktop/Code/BetterChallenges/DerivedData/Build/Intermediates.noindex/BetterChallenges.build/Debug-iphonesimulator/BetterChallenges.build/assetcatalog_generated_info.plist --app-icon AppIcon --accent-color AccentColor --compress-pngs --enable-on-demand-resources YES --development-region en --target-device iphone --target-device ipad --minimum-deployment-target 18.0 --platform iphonesimulator --bundle-identifier RezPoint.BetterChallenges --generate-swift-asset-symbols /Users/atinderpaulk/Desktop/Code/BetterChallenges/DerivedData/Build/Intermediates.noindex/BetterChallenges.build/Debug-iphonesimulator/BetterChallenges.build/DerivedSources/GeneratedAssetSymbols.swift --generate-objc-asset-symbols /Users/atinderpaulk/Desktop/Code/BetterChallenges/DerivedData/Build/Intermediates.noindex/BetterChallenges.build/Debug-iphonesimulator/BetterChallenges.build/DerivedSources/GeneratedAssetSymbols.h --generate-asset-symbol-index /Users/atinderpaulk/Desktop/Code/BetterChallenges/DerivedData/Build/Intermediates.noindex/BetterChallenges.build/Debug-iphonesimulator/BetterChallenges.build/DerivedSources/GeneratedAssetSymbols-Index.plist
2025-11-20 23:14:11.722 ibtoold[6595:8455898] CoreSimulatorService connection became invalid.  Simulator services will no longer be available.
2025-11-20 23:14:11.723 ibtoold[6595:8455900] Logging connecton invalid: <OS_xpc_error: <dictionary: 0x1f8e1c960> { count = 1, transaction: 0, voucher = 0x0, contents =
	"XPCErrorDescription" => <string: 0x1f8e1caa8> { string cache = 0x0, length = 18, contents = "Connection invalid" }
}>
2025-11-20 23:14:11.723 ibtoold[6595:8455898] Error opening log file (/Users/atinderpaulk/Library/Logs/CoreSimulator/CoreSimulator.com.apple.ibtool.log): Operation not permitted
[-[SimServiceContext sendRequest:]:1743] ERROR : Unable to deliver request ({
    "developer_dir" = "/Applications/Xcode.app/Contents/Developer";
    request = "set_developer_dir";
}) because we are not connected to CoreSimulatorService.
[-[SimServiceContext initWithDeveloperDir:connectionType:error:]:450] WARN  : Unable to discover any Simulator runtimes. Developer Directory is /Applications/Xcode.app/Contents/Developer.
[-[SimDiskImageManager init]:175] ERROR : Could not kickstart simdiskimaged; SimDiskImageManager services will not be available: Error Domain=NSPOSIXErrorDomain Code=53 "Software caused connection abort" UserInfo={NSLocalizedDescription=Error returned in reply from CoreSimulatorService: Connection invalid}
[-[SimDiskImageManager _onQueue_checkConnection:]:239] ERROR : simdiskimaged returned error (invalid), marking disconnected.
[-[SimDiskImageManager _onQueue_checkConnection:]:239] ERROR : simdiskimaged returned error (invalid), marking disconnected.
[-[SimServiceContext initWithDeveloperDir:connectionType:error:]_block_invoke:486] ERROR : Could not get list of trusted mount directories: Error Domain=com.apple.CoreSimulator.SimError Code=410 "The service used to manage runtime disk images (simdiskimaged) crashed or is not responding" UserInfo={NSLocalizedDescription=The service used to manage runtime disk images (simdiskimaged) crashed or is not responding}
[-[SimServiceContext sendRequest:reply:error:]:1763] ERROR : Unable to deliver request ({
    request = "notification_subscription";
    "set_path" = "/Users/atinderpaulk/Library/Developer/CoreSimulator/Devices";
}) because we are not connected to CoreSimulatorService.
2025-11-20 23:14:11.809 ibtoold[6595:8455880] Error Domain=NSPOSIXErrorDomain Code=61 "Connection refused" UserInfo={NSLocalizedDescription=CoreSimulatorService connection became invalid.  Simulator services will no longer be available.}
/* com.apple.actool.compilation-results */
/Users/atinderpaulk/Desktop/Code/BetterChallenges/DerivedData/Build/Intermediates.noindex/BetterChallenges.build/Debug-iphonesimulator/BetterChallenges.build/DerivedSources/GeneratedAssetSymbols-Index.plist
/Users/atinderpaulk/Desktop/Code/BetterChallenges/DerivedData/Build/Intermediates.noindex/BetterChallenges.build/Debug-iphonesimulator/BetterChallenges.build/DerivedSources/GeneratedAssetSymbols.h
/Users/atinderpaulk/Desktop/Code/BetterChallenges/DerivedData/Build/Intermediates.noindex/BetterChallenges.build/Debug-iphonesimulator/BetterChallenges.build/DerivedSources/GeneratedAssetSymbols.swift


CompileAssetCatalogVariant thinned /Users/atinderpaulk/Desktop/Code/BetterChallenges/DerivedData/Build/Products/Debug-iphonesimulator/BetterChallenges.app /Users/atinderpaulk/Desktop/Code/BetterChallenges/BetterChallenges/Assets.xcassets (in target 'BetterChallenges' from project 'BetterChallenges')
    cd /Users/atinderpaulk/Desktop/Code/BetterChallenges
    /Applications/Xcode.app/Contents/Developer/usr/bin/actool /Users/atinderpaulk/Desktop/Code/BetterChallenges/BetterChallenges/Assets.xcassets --compile /Users/atinderpaulk/Desktop/Code/BetterChallenges/DerivedData/Build/Intermediates.noindex/BetterChallenges.build/Debug-iphonesimulator/BetterChallenges.build/assetcatalog_output/thinned --output-format human-readable-text --notices --warnings --export-dependency-info /Users/atinderpaulk/Desktop/Code/BetterChallenges/DerivedData/Build/Intermediates.noindex/BetterChallenges.build/Debug-iphonesimulator/BetterChallenges.build/assetcatalog_dependencies_thinned --output-partial-info-plist /Users/atinderpaulk/Desktop/Code/BetterChallenges/DerivedData/Build/Intermediates.noindex/BetterChallenges.build/Debug-iphonesimulator/BetterChallenges.build/assetcatalog_generated_info.plist_thinned --app-icon AppIcon --accent-color AccentColor --compress-pngs --enable-on-demand-resources YES --development-region en --target-device iphone --target-device ipad --minimum-deployment-target 18.0 --platform iphonesimulator
2025-11-20 23:14:11.712 ibtoold[6596:8455895] CoreSimulatorService connection became invalid.  Simulator services will no longer be available.
2025-11-20 23:14:11.713 ibtoold[6596:8455897] Logging connecton invalid: <OS_xpc_error: <dictionary: 0x1f8e1c960> { count = 1, transaction: 0, voucher = 0x0, contents =
	"XPCErrorDescription" => <string: 0x1f8e1caa8> { string cache = 0x0, length = 18, contents = "Connection invalid" }
}>
2025-11-20 23:14:11.713 ibtoold[6596:8455897] Error opening log file (/Users/atinderpaulk/Library/Logs/CoreSimulator/CoreSimulator.com.apple.ibtool.log): Operation not permitted
[-[SimServiceContext sendRequest:]:1743] ERROR : Unable to deliver request ({
    "developer_dir" = "/Applications/Xcode.app/Contents/Developer";
    request = "set_developer_dir";
}) because we are not connected to CoreSimulatorService.
[-[SimServiceContext initWithDeveloperDir:connectionType:error:]:450] WARN  : Unable to discover any Simulator runtimes. Developer Directory is /Applications/Xcode.app/Contents/Developer.
[-[SimDiskImageManager init]:175] ERROR : Could not kickstart simdiskimaged; SimDiskImageManager services will not be available: Error Domain=NSPOSIXErrorDomain Code=53 "Software caused connection abort" UserInfo={NSLocalizedDescription=Error returned in reply from CoreSimulatorService: Connection invalid}
[-[SimDiskImageManager _onQueue_checkConnection:]:219] ERROR : simdiskimaged connection is currently unavailable because connection became invalid
[-[SimDiskImageManager _onQueue_checkConnection:]:219] ERROR : simdiskimaged connection is currently unavailable because connection became invalid
[-[SimServiceContext initWithDeveloperDir:connectionType:error:]_block_invoke:486] ERROR : Could not get list of trusted mount directories: Error Domain=com.apple.CoreSimulator.SimError Code=409 "Cannot talk to the service used to manage runtime disk images (simdiskimaged) because its launchd job is not registered or was unloaded" UserInfo={NSLocalizedDescription=Cannot talk to the service used to manage runtime disk images (simdiskimaged) because its launchd job is not registered or was unloaded}
[-[SimServiceContext sendRequest:reply:error:]:1763] ERROR : Unable to deliver request ({
    request = "notification_subscription";
    "set_path" = "/Users/atinderpaulk/Library/Developer/CoreSimulator/Devices";
}) because we are not connected to CoreSimulatorService.
2025-11-20 23:14:11.802 ibtoold[6596:8455879] Error Domain=NSPOSIXErrorDomain Code=61 "Connection refused" UserInfo={NSLocalizedDescription=CoreSimulatorService connection became invalid.  Simulator services will no longer be available.}
[-[SimServiceContext sendRequest:]:1743] ERROR : Unable to deliver request ({
    "developer_dir" = "/Applications/Xcode.app/Contents/Developer";
    request = "set_developer_dir";
}) because we are not connected to CoreSimulatorService.
2025-11-20 23:14:12.107 ibtoold[6596:8455905] CoreSimulatorService connection became invalid.  Simulator services will no longer be available.
[-[SimServiceContext initWithDeveloperDir:connectionType:error:]:450] WARN  : Unable to discover any Simulator runtimes. Developer Directory is /Applications/Xcode.app/Contents/Developer.
[-[SimDiskImageManager _onQueue_checkConnection:]:219] ERROR : simdiskimaged connection is currently unavailable because connection became invalid
[-[SimServiceContext initWithDeveloperDir:connectionType:error:]_block_invoke:486] ERROR : Could not get list of trusted mount directories: Error Domain=com.apple.CoreSimulator.SimError Code=409 "Cannot talk to the service used to manage runtime disk images (simdiskimaged) because its launchd job is not registered or was unloaded" UserInfo={NSLocalizedDescription=Cannot talk to the service used to manage runtime disk images (simdiskimaged) because its launchd job is not registered or was unloaded}
[-[SimServiceContext sendRequest:]:1743] ERROR : Unable to deliver request ({
    path = "/Applications/Xcode.app/Contents/PlugIns/IDEInterfaceBuilderiOSIntegration.ideplugin/Contents/Resources";
    request = "add_profiles";
}) because we are not connected to CoreSimulatorService.
[-[SimServiceContext sendRequest:]:1743] ERROR : Unable to deliver request ({
    path = "/Applications/Xcode.app/Contents/Developer/Platforms/AppleTVSimulator.platform/Developer/Library/Xcode/PrivatePlugIns/IDEInterfaceBuilderAppleTVIntegration.framework/Resources";
    request = "add_profiles";
}) because we are not connected to CoreSimulatorService.
/* com.apple.actool.errors */
/Users/atinderpaulk/Desktop/Code/BetterChallenges/BetterChallenges/Assets.xcassets: error: No available simulator runtimes for platform iphonesimulator. SimServiceContext supportedRuntimes=[]
/* com.apple.actool.compilation-results */
/Users/atinderpaulk/Desktop/Code/BetterChallenges/DerivedData/Build/Intermediates.noindex/BetterChallenges.build/Debug-iphonesimulator/BetterChallenges.build/assetcatalog_generated_info.plist_thinned
/Users/atinderpaulk/Desktop/Code/BetterChallenges/DerivedData/Build/Intermediates.noindex/BetterChallenges.build/Debug-iphonesimulator/BetterChallenges.build/assetcatalog_output/thinned/AppIcon60x60@2x.png
/Users/atinderpaulk/Desktop/Code/BetterChallenges/DerivedData/Build/Intermediates.noindex/BetterChallenges.build/Debug-iphonesimulator/BetterChallenges.build/assetcatalog_output/thinned/AppIcon76x76@2x~ipad.png


SwiftDriver BetterChallenges normal arm64 com.apple.xcode.tools.swift.compiler (in target 'BetterChallenges' from project 'BetterChallenges')
    cd /Users/atinderpaulk/Desktop/Code/BetterChallenges
    builtin-SwiftDriver -- /Applications/Xcode.app/Contents/Developer/Toolchains/XcodeDefault.xctoolchain/usr/bin/swiftc -module-name BetterChallenges -Onone -enforce-exclusivity\=checked @/Users/atinderpaulk/Desktop/Code/BetterChallenges/DerivedData/Build/Intermediates.noindex/BetterChallenges.build/Debug-iphonesimulator/BetterChallenges.build/Objects-normal/arm64/BetterChallenges.SwiftFileList -DDEBUG -default-isolation\=MainActor -enable-bare-slash-regex -enable-upcoming-feature DisableOutwardActorInference -enable-upcoming-feature InferSendableFromCaptures -enable-upcoming-feature GlobalActorIsolatedTypesUsability -enable-upcoming-feature MemberImportVisibility -enable-upcoming-feature InferIsolatedConformances -enable-upcoming-feature NonisolatedNonsendingByDefault -enable-experimental-feature DebugDescriptionMacro -sdk /Applications/Xcode.app/Contents/Developer/Platforms/iPhoneSimulator.platform/Developer/SDKs/iPhoneSimulator26.1.sdk -target arm64-apple-ios18.0-simulator -g -module-cache-path /Users/atinderpaulk/Desktop/Code/BetterChallenges/DerivedData/ModuleCache.noindex -Xfrontend -serialize-debugging-options -profile-coverage-mapping -profile-generate -enable-testing -index-store-path /Users/atinderpaulk/Desktop/Code/BetterChallenges/DerivedData/Index.noindex/DataStore -Xcc -D_LIBCPP_HARDENING_MODE\=_LIBCPP_HARDENING_MODE_DEBUG -swift-version 5 -I /Users/atinderpaulk/Desktop/Code/BetterChallenges/DerivedData/Build/Products/Debug-iphonesimulator -F /Users/atinderpaulk/Desktop/Code/BetterChallenges/DerivedData/Build/Products/Debug-iphonesimulator -emit-localized-strings -emit-localized-strings-path /Users/atinderpaulk/Desktop/Code/BetterChallenges/DerivedData/Build/Intermediates.noindex/BetterChallenges.build/Debug-iphonesimulator/BetterChallenges.build/Objects-normal/arm64 -c -j8 -enable-batch-mode -incremental -Xcc -ivfsstatcache -Xcc /Users/atinderpaulk/Desktop/Code/BetterChallenges/DerivedData/SDKStatCaches.noindex/iphonesimulator26.1-23B77-90cf18a4295e390e64c810bc6bd7acbc.sdkstatcache -output-file-map /Users/atinderpaulk/Desktop/Code/BetterChallenges/DerivedData/Build/Intermediates.noindex/BetterChallenges.build/Debug-iphonesimulator/BetterChallenges.build/Objects-normal/arm64/BetterChallenges-OutputFileMap.json -use-frontend-parseable-output -save-temps -no-color-diagnostics -explicit-module-build -module-cache-path /Users/atinderpaulk/Desktop/Code/BetterChallenges/DerivedData/Build/Intermediates.noindex/SwiftExplicitPrecompiledModules -clang-scanner-module-cache-path /Users/atinderpaulk/Desktop/Code/BetterChallenges/DerivedData/ModuleCache.noindex -sdk-module-cache-path /Users/atinderpaulk/Desktop/Code/BetterChallenges/DerivedData/ModuleCache.noindex -serialize-diagnostics -emit-dependencies -emit-module -emit-module-path /Users/atinderpaulk/Desktop/Code/BetterChallenges/DerivedData/Build/Intermediates.noindex/BetterChallenges.build/Debug-iphonesimulator/BetterChallenges.build/Objects-normal/arm64/BetterChallenges.swiftmodule -validate-clang-modules-once -clang-build-session-file /Users/atinderpaulk/Desktop/Code/BetterChallenges/DerivedData/ModuleCache.noindex/Session.modulevalidation -Xcc -I/Users/atinderpaulk/Desktop/Code/BetterChallenges/DerivedData/Build/Intermediates.noindex/BetterChallenges.build/Debug-iphonesimulator/BetterChallenges.build/swift-overrides.hmap -emit-const-values -Xfrontend -const-gather-protocols-file -Xfrontend /Users/atinderpaulk/Desktop/Code/BetterChallenges/DerivedData/Build/Intermediates.noindex/BetterChallenges.build/Debug-iphonesimulator/BetterChallenges.build/Objects-normal/arm64/BetterChallenges_const_extract_protocols.json -Xcc -iquote -Xcc /Users/atinderpaulk/Desktop/Code/BetterChallenges/DerivedData/Build/Intermediates.noindex/BetterChallenges.build/Debug-iphonesimulator/BetterChallenges.build/BetterChallenges-generated-files.hmap -Xcc -I/Users/atinderpaulk/Desktop/Code/BetterChallenges/DerivedData/Build/Intermediates.noindex/BetterChallenges.build/Debug-iphonesimulator/BetterChallenges.build/BetterChallenges-own-target-headers.hmap -Xcc -I/Users/atinderpaulk/Desktop/Code/BetterChallenges/DerivedData/Build/Intermediates.noindex/BetterChallenges.build/Debug-iphonesimulator/BetterChallenges.build/BetterChallenges-all-target-headers.hmap -Xcc -iquote -Xcc /Users/atinderpaulk/Desktop/Code/BetterChallenges/DerivedData/Build/Intermediates.noindex/BetterChallenges.build/Debug-iphonesimulator/BetterChallenges.build/BetterChallenges-project-headers.hmap -Xcc -I/Users/atinderpaulk/Desktop/Code/BetterChallenges/DerivedData/Build/Products/Debug-iphonesimulator/include -Xcc -I/Users/atinderpaulk/Desktop/Code/BetterChallenges/DerivedData/Build/Intermediates.noindex/BetterChallenges.build/Debug-iphonesimulator/BetterChallenges.build/DerivedSources-normal/arm64 -Xcc -I/Users/atinderpaulk/Desktop/Code/BetterChallenges/DerivedData/Build/Intermediates.noindex/BetterChallenges.build/Debug-iphonesimulator/BetterChallenges.build/DerivedSources/arm64 -Xcc -I/Users/atinderpaulk/Desktop/Code/BetterChallenges/DerivedData/Build/Intermediates.noindex/BetterChallenges.build/Debug-iphonesimulator/BetterChallenges.build/DerivedSources -Xcc -DDEBUG\=1 -emit-objc-header -emit-objc-header-path /Users/atinderpaulk/Desktop/Code/BetterChallenges/DerivedData/Build/Intermediates.noindex/BetterChallenges.build/Debug-iphonesimulator/BetterChallenges.build/Objects-normal/arm64/BetterChallenges-Swift.h -working-directory /Users/atinderpaulk/Desktop/Code/BetterChallenges -experimental-emit-module-separately -disable-cmo

SwiftDriver BetterChallenges normal x86_64 com.apple.xcode.tools.swift.compiler (in target 'BetterChallenges' from project 'BetterChallenges')
    cd /Users/atinderpaulk/Desktop/Code/BetterChallenges
    builtin-SwiftDriver -- /Applications/Xcode.app/Contents/Developer/Toolchains/XcodeDefault.xctoolchain/usr/bin/swiftc -module-name BetterChallenges -Onone -enforce-exclusivity\=checked @/Users/atinderpaulk/Desktop/Code/BetterChallenges/DerivedData/Build/Intermediates.noindex/BetterChallenges.build/Debug-iphonesimulator/BetterChallenges.build/Objects-normal/x86_64/BetterChallenges.SwiftFileList -DDEBUG -default-isolation\=MainActor -enable-bare-slash-regex -enable-upcoming-feature DisableOutwardActorInference -enable-upcoming-feature InferSendableFromCaptures -enable-upcoming-feature GlobalActorIsolatedTypesUsability -enable-upcoming-feature MemberImportVisibility -enable-upcoming-feature InferIsolatedConformances -enable-upcoming-feature NonisolatedNonsendingByDefault -enable-experimental-feature DebugDescriptionMacro -sdk /Applications/Xcode.app/Contents/Developer/Platforms/iPhoneSimulator.platform/Developer/SDKs/iPhoneSimulator26.1.sdk -target x86_64-apple-ios18.0-simulator -g -module-cache-path /Users/atinderpaulk/Desktop/Code/BetterChallenges/DerivedData/ModuleCache.noindex -Xfrontend -serialize-debugging-options -profile-coverage-mapping -profile-generate -enable-testing -index-store-path /Users/atinderpaulk/Desktop/Code/BetterChallenges/DerivedData/Index.noindex/DataStore -Xcc -D_LIBCPP_HARDENING_MODE\=_LIBCPP_HARDENING_MODE_DEBUG -swift-version 5 -I /Users/atinderpaulk/Desktop/Code/BetterChallenges/DerivedData/Build/Products/Debug-iphonesimulator -F /Users/atinderpaulk/Desktop/Code/BetterChallenges/DerivedData/Build/Products/Debug-iphonesimulator -emit-localized-strings -emit-localized-strings-path /Users/atinderpaulk/Desktop/Code/BetterChallenges/DerivedData/Build/Intermediates.noindex/BetterChallenges.build/Debug-iphonesimulator/BetterChallenges.build/Objects-normal/x86_64 -c -j8 -enable-batch-mode -incremental -Xcc -ivfsstatcache -Xcc /Users/atinderpaulk/Desktop/Code/BetterChallenges/DerivedData/SDKStatCaches.noindex/iphonesimulator26.1-23B77-90cf18a4295e390e64c810bc6bd7acbc.sdkstatcache -output-file-map /Users/atinderpaulk/Desktop/Code/BetterChallenges/DerivedData/Build/Intermediates.noindex/BetterChallenges.build/Debug-iphonesimulator/BetterChallenges.build/Objects-normal/x86_64/BetterChallenges-OutputFileMap.json -use-frontend-parseable-output -save-temps -no-color-diagnostics -explicit-module-build -module-cache-path /Users/atinderpaulk/Desktop/Code/BetterChallenges/DerivedData/Build/Intermediates.noindex/SwiftExplicitPrecompiledModules -clang-scanner-module-cache-path /Users/atinderpaulk/Desktop/Code/BetterChallenges/DerivedData/ModuleCache.noindex -sdk-module-cache-path /Users/atinderpaulk/Desktop/Code/BetterChallenges/DerivedData/ModuleCache.noindex -serialize-diagnostics -emit-dependencies -emit-module -emit-module-path /Users/atinderpaulk/Desktop/Code/BetterChallenges/DerivedData/Build/Intermediates.noindex/BetterChallenges.build/Debug-iphonesimulator/BetterChallenges.build/Objects-normal/x86_64/BetterChallenges.swiftmodule -validate-clang-modules-once -clang-build-session-file /Users/atinderpaulk/Desktop/Code/BetterChallenges/DerivedData/ModuleCache.noindex/Session.modulevalidation -Xcc -I/Users/atinderpaulk/Desktop/Code/BetterChallenges/DerivedData/Build/Intermediates.noindex/BetterChallenges.build/Debug-iphonesimulator/BetterChallenges.build/swift-overrides.hmap -emit-const-values -Xfrontend -const-gather-protocols-file -Xfrontend /Users/atinderpaulk/Desktop/Code/BetterChallenges/DerivedData/Build/Intermediates.noindex/BetterChallenges.build/Debug-iphonesimulator/BetterChallenges.build/Objects-normal/x86_64/BetterChallenges_const_extract_protocols.json -Xcc -iquote -Xcc /Users/atinderpaulk/Desktop/Code/BetterChallenges/DerivedData/Build/Intermediates.noindex/BetterChallenges.build/Debug-iphonesimulator/BetterChallenges.build/BetterChallenges-generated-files.hmap -Xcc -I/Users/atinderpaulk/Desktop/Code/BetterChallenges/DerivedData/Build/Intermediates.noindex/BetterChallenges.build/Debug-iphonesimulator/BetterChallenges.build/BetterChallenges-own-target-headers.hmap -Xcc -I/Users/atinderpaulk/Desktop/Code/BetterChallenges/DerivedData/Build/Intermediates.noindex/BetterChallenges.build/Debug-iphonesimulator/BetterChallenges.build/BetterChallenges-all-target-headers.hmap -Xcc -iquote -Xcc /Users/atinderpaulk/Desktop/Code/BetterChallenges/DerivedData/Build/Intermediates.noindex/BetterChallenges.build/Debug-iphonesimulator/BetterChallenges.build/BetterChallenges-project-headers.hmap -Xcc -I/Users/atinderpaulk/Desktop/Code/BetterChallenges/DerivedData/Build/Products/Debug-iphonesimulator/include -Xcc -I/Users/atinderpaulk/Desktop/Code/BetterChallenges/DerivedData/Build/Intermediates.noindex/BetterChallenges.build/Debug-iphonesimulator/BetterChallenges.build/DerivedSources-normal/x86_64 -Xcc -I/Users/atinderpaulk/Desktop/Code/BetterChallenges/DerivedData/Build/Intermediates.noindex/BetterChallenges.build/Debug-iphonesimulator/BetterChallenges.build/DerivedSources/x86_64 -Xcc -I/Users/atinderpaulk/Desktop/Code/BetterChallenges/DerivedData/Build/Intermediates.noindex/BetterChallenges.build/Debug-iphonesimulator/BetterChallenges.build/DerivedSources -Xcc -DDEBUG\=1 -emit-objc-header -emit-objc-header-path /Users/atinderpaulk/Desktop/Code/BetterChallenges/DerivedData/Build/Intermediates.noindex/BetterChallenges.build/Debug-iphonesimulator/BetterChallenges.build/Objects-normal/x86_64/BetterChallenges-Swift.h -working-directory /Users/atinderpaulk/Desktop/Code/BetterChallenges -experimental-emit-module-separately -disable-cmo

** BUILD FAILED **


The following build commands failed:
	CompileAssetCatalogVariant thinned /Users/atinderpaulk/Desktop/Code/BetterChallenges/DerivedData/Build/Products/Debug-iphonesimulator/BetterChallenges.app /Users/atinderpaulk/Desktop/Code/BetterChallenges/BetterChallenges/Assets.xcassets (in target 'BetterChallenges' from project 'BetterChallenges')
	Building project BetterChallenges with scheme BetterChallenges and configuration Debug
(2 failures)
